\BOOKMARK [1][-]{section.1}{Introduction}{}% 1
\BOOKMARK [1][-]{section.2}{Variables\040and\040Probability\040Models}{}% 2
\BOOKMARK [2][-]{subsection.2.1}{Section\040outline}{section.2}% 3
\BOOKMARK [3][-]{subsubsection.2.1.1}{Brief\040outline\040of\040probability\040gap\040models}{subsection.2.1}% 4
\BOOKMARK [2][-]{subsection.2.2}{Semantics\040of\040observed\040and\040unobserved\040variables}{section.2}% 5
\BOOKMARK [2][-]{subsection.2.3}{Events}{section.2}% 6
\BOOKMARK [2][-]{subsection.2.4}{Standard\040probability\040theory}{section.2}% 7
\BOOKMARK [2][-]{subsection.2.5}{Probabilistic\040models\040for\040causal\040inference}{section.2}% 8
\BOOKMARK [2][-]{subsection.2.6}{Probability\040sets}{section.2}% 9
\BOOKMARK [2][-]{subsection.2.7}{Probability\040sets\040defined\040by\040marginal\040and\040conditional\040probabilities}{section.2}% 10
\BOOKMARK [2][-]{subsection.2.8}{Probability\040combs}{section.2}% 11
\BOOKMARK [3][-]{subsubsection.2.8.1}{Examples}{subsection.2.8}% 12
\BOOKMARK [3][-]{subsubsection.2.8.2}{Conditional\040independence}{subsection.2.8}% 13
\BOOKMARK [1][-]{section.3}{Decision\040theoretic\040causal\040inference}{}% 14
\BOOKMARK [2][-]{subsection.3.1}{Decision\040problems}{section.3}% 15
\BOOKMARK [2][-]{subsection.3.2}{Decisions\040as\040measurement\040procedures}{section.3}% 16
\BOOKMARK [2][-]{subsection.3.3}{Causal\040models\040similar\040to\040see-do\040models}{section.3}% 17
\BOOKMARK [2][-]{subsection.3.4}{See-do\040models\040and\040classical\040statistics}{section.3}% 18
\BOOKMARK [1][-]{section.4}{Repeatable\040experiments}{}% 19
\BOOKMARK [2][-]{subsection.4.1}{Assumptions\040of\040repeatability\040applicable\040to\040models\040of\040decisions\040and\040consequences}{section.4}% 20
\BOOKMARK [2][-]{subsection.4.2}{Representations\040of\040contractible\040probability\040models}{section.4}% 21
\BOOKMARK [2][-]{subsection.4.3}{Potential\040outcomes}{section.4}% 22
\BOOKMARK [1][-]{section.5}{Potential\040outcomes}{}% 23
\BOOKMARK [2][-]{subsubsection.5.0.1}{Extended\040conditional\040independence}{section.5}% 24
\BOOKMARK [3][-]{subsubsection.5.0.2}{Graphical\040properties\040of\040conditional\040independence}{subsubsection.5.0.1}% 25
\BOOKMARK [2][-]{subsection.5.1}{Results\040I\040use\040that\040don't\040really\040fit\040into\040the\040flow\040of\040the\040text}{section.5}% 26
\BOOKMARK [3][-]{subsubsection.5.1.1}{Repeated\040variables}{subsection.5.1}% 27
\BOOKMARK [2][-]{subsection.5.2}{Validity}{section.5}% 28
\BOOKMARK [2][-]{subsection.5.3}{Combs}{section.5}% 29
